ERROR - 2022-05-25 20:00:10,088 - process: 18256 - utils.py - polls.utils - 84 - utils - Request body exceeded settings.DATA_UPLOAD_MAX_MEMORY_SIZE.
Traceback (most recent call last):
  File "E:\5703\git_nlp_repository\cs65_4\polls\utils.py", line 82, in wrapper
    result = func(*args, **kwargs)
  File "E:\python\lib\site-packages\django\views\decorators\csrf.py", line 54, in wrapped_view
    return view_func(*args, **kwargs)
  File "E:\python\lib\site-packages\django\views\generic\base.py", line 84, in view
    return self.dispatch(request, *args, **kwargs)
  File "E:\python\lib\site-packages\rest_framework\views.py", line 509, in dispatch
    response = self.handle_exception(exc)
  File "E:\python\lib\site-packages\rest_framework\views.py", line 469, in handle_exception
    self.raise_uncaught_exception(exc)
  File "E:\python\lib\site-packages\rest_framework\views.py", line 480, in raise_uncaught_exception
    raise exc
  File "E:\python\lib\site-packages\rest_framework\views.py", line 506, in dispatch
    response = handler(request, *args, **kwargs)
  File "E:\python\lib\site-packages\rest_framework\decorators.py", line 50, in handler
    return func(*args, **kwargs)
  File "E:\5703\git_nlp_repository\cs65_4\polls\views.py", line 752, in project_file_update
    data = json.loads(request.body)
  File "E:\python\lib\site-packages\rest_framework\request.py", line 416, in __getattr__
    return getattr(self._request, attr)
  File "E:\python\lib\site-packages\django\http\request.py", line 335, in body
    raise RequestDataTooBig(
django.core.exceptions.RequestDataTooBig: Request body exceeded settings.DATA_UPLOAD_MAX_MEMORY_SIZE.
ERROR - 2022-05-25 20:00:11,824 - process: 18256 - utils.py - polls.utils - 84 - utils - Request body exceeded settings.DATA_UPLOAD_MAX_MEMORY_SIZE.
Traceback (most recent call last):
  File "E:\5703\git_nlp_repository\cs65_4\polls\utils.py", line 82, in wrapper
    result = func(*args, **kwargs)
  File "E:\python\lib\site-packages\django\views\decorators\csrf.py", line 54, in wrapped_view
    return view_func(*args, **kwargs)
  File "E:\python\lib\site-packages\django\views\generic\base.py", line 84, in view
    return self.dispatch(request, *args, **kwargs)
  File "E:\python\lib\site-packages\rest_framework\views.py", line 509, in dispatch
    response = self.handle_exception(exc)
  File "E:\python\lib\site-packages\rest_framework\views.py", line 469, in handle_exception
    self.raise_uncaught_exception(exc)
  File "E:\python\lib\site-packages\rest_framework\views.py", line 480, in raise_uncaught_exception
    raise exc
  File "E:\python\lib\site-packages\rest_framework\views.py", line 506, in dispatch
    response = handler(request, *args, **kwargs)
  File "E:\python\lib\site-packages\rest_framework\decorators.py", line 50, in handler
    return func(*args, **kwargs)
  File "E:\5703\git_nlp_repository\cs65_4\polls\views.py", line 752, in project_file_update
    data = json.loads(request.body)
  File "E:\python\lib\site-packages\rest_framework\request.py", line 416, in __getattr__
    return getattr(self._request, attr)
  File "E:\python\lib\site-packages\django\http\request.py", line 335, in body
    raise RequestDataTooBig(
django.core.exceptions.RequestDataTooBig: Request body exceeded settings.DATA_UPLOAD_MAX_MEMORY_SIZE.
