ERROR - 2022-05-18 15:08:02,934 - process: 15676 - utils.py - polls.utils - 76 - utils - -1
Traceback (most recent call last):
  File "E:\5703\git_repository\polls\utils.py", line 74, in wrapper
    result = func(*args, **kwargs)
  File "E:\python\lib\site-packages\django\views\decorators\csrf.py", line 54, in wrapped_view
    return view_func(*args, **kwargs)
  File "E:\python\lib\site-packages\django\views\generic\base.py", line 84, in view
    return self.dispatch(request, *args, **kwargs)
  File "E:\python\lib\site-packages\rest_framework\views.py", line 509, in dispatch
    response = self.handle_exception(exc)
  File "E:\python\lib\site-packages\rest_framework\views.py", line 469, in handle_exception
    self.raise_uncaught_exception(exc)
  File "E:\python\lib\site-packages\rest_framework\views.py", line 480, in raise_uncaught_exception
    raise exc
  File "E:\python\lib\site-packages\rest_framework\views.py", line 506, in dispatch
    response = handler(request, *args, **kwargs)
  File "E:\python\lib\site-packages\rest_framework\decorators.py", line 50, in handler
    return func(*args, **kwargs)
  File "E:\5703\git_repository\polls\views.py", line 444, in project_version
    version = versions[-1]
KeyError: -1
INFO - 2022-05-18 15:08:13,353 - process: 15676 - build.py - polls.build - 24 - build - successfully build project MayoSpider to egg file E:\5703\git_repository\projects\MayoSpider\MayoSpider-1.0-py3.10.egg
